Examine datafile 'new_train_features_fixed.csv' gave the following results:
Number of Features: 537
InputFormat       : C4.5

Phase 1: Reading Datafile: new_train_features_fixed.csv
Start:          0 @ Thu Feb 23 15:47:52 2023
Finished:   12500 @ Thu Feb 23 15:47:55 2023
Calculating Entropy         Thu Feb 23 15:47:55 2023
Lines of data     : 12500
DB Entropy        : 1.2062323
Number of Classes : 3

Feats	Vals	InfoGain	GainRatio
    1      2	2.9254960e-05	0.00053504550
    2      2	6.1156009e-06	0.00048561671
    3      2	0.0028805946	0.076566026
    4      1	0.0000000	0.0000000
    5      2	0.00018876644	0.15675903
    6      1	0.0000000	0.0000000
    7      1	0.0000000	0.0000000
    8      2	0.00012246151	0.015876876
    9      2	4.4025825e-05	0.036560766
   10      1	0.0000000	0.0000000
   11      1	0.0000000	0.0000000
   12      2	4.4025825e-05	0.036560766
   13      2	0.00024261009	0.20147290
   14      1	0.0000000	0.0000000
   15      1	0.0000000	0.0000000
   16      2	7.2783032e-05	0.032371678
   17      1	0.0000000	0.0000000
   18      2	0.00057268531	0.031981455
   19      2	0.00020987372	0.022365384
   20      2	8.8055939e-05	0.039164603
   21      2	0.00029460545	0.0010791702
   22      1	0.0000000	0.0000000
   23      2	0.00050998538	0.040496008
   24      2	0.00050990065	0.013786914
   25      1	0.0000000	0.0000000
   26      2	0.0040255347	0.045947597
   27      1	0.0000000	0.0000000
   28      1	0.0000000	0.0000000
   29      2	0.0024134040	0.066404355
   30      1	0.0000000	0.0000000
   31      2	0.00028129704	0.019885542
   32      1	0.0000000	0.0000000
   33      2	0.00082993525	0.058670053
   34      1	0.0000000	0.0000000
   35      2	0.0025443008	0.17063371
   36      1	0.0000000	0.0000000
   37      2	0.00013209034	0.040867918
   38      1	0.0000000	0.0000000
   39      2	0.00021842106	0.036499791
   40      1	0.0000000	0.0000000
   41      1	0.0000000	0.0000000
   42      1	0.0000000	0.0000000
   43      1	0.0000000	0.0000000
   44      2	0.00038003659	0.063506954
   45      2	0.011894815	0.14722556
   46      2	0.00014909141	0.019329387
   47      2	7.7933951e-05	0.011365666
   48      2	0.00013209034	0.040867918
   49      2	0.00024261009	0.20147290
   50      2	0.0017853642	0.10400096
   51      2	4.4025825e-05	0.036560766
   52      2	8.7145005e-05	0.0065162478
   53      2	0.00024261009	0.20147290
   54      2	7.2783032e-05	0.032371678
   55      2	4.4025825e-05	0.036560766
   56      2	0.00018876644	0.15675903
   57      2	8.8055939e-05	0.039164603
   58      2	4.4025825e-05	0.036560766
   59      2	8.8055939e-05	0.039164603
   60      1	0.0000000	0.0000000
   61      1	0.0000000	0.0000000
   62      2	0.00011025656	0.034112684
   63      2	0.00018876644	0.15675903
   64      1	0.0000000	0.0000000
   65      2	0.00013209034	0.040867918
   66      2	0.00024960907	0.0081930902
   67      2	0.00045220129	0.025253058
   68      1	0.0000000	0.0000000
   69      1	0.0000000	0.0000000
   70      1	0.0000000	0.0000000
   71      1	0.0000000	0.0000000
   72      2	0.00039191095	0.050810428
   73      1	0.0000000	0.0000000
   74      1	0.0000000	0.0000000
   75      1	0.0000000	0.0000000
   76      1	0.0000000	0.0000000
   77      2	4.4025825e-05	0.036560766
   78      1	0.0000000	0.0000000
   79      1	0.0000000	0.0000000
   80      1	0.0000000	0.0000000
   81      1	0.0000000	0.0000000
   82      1	0.0000000	0.0000000
   83      2	4.4025825e-05	0.036560766
   84      2	0.00041885216	0.018834026
   85      1	0.0000000	0.0000000
   86      1	0.0000000	0.0000000
   87      2	0.00015326379	0.030098657
   88      1	0.0000000	0.0000000
   89      2	0.00033173857	0.011132642
   90      2	5.6412911e-05	0.017453799
   91      2	0.00025992299	0.027698930
   92      1	0.0000000	0.0000000
   93      2	8.8055939e-05	0.039164603
   94      2	0.00018876644	0.15675903
   95      1	0.0000000	0.0000000
   96      1	0.0000000	0.0000000
   97      2	0.00022017202	0.043238406
   98      1	0.0000000	0.0000000
   99      2	0.00013209034	0.040867918
  100      2	0.00083458024	0.025209992
  101      1	0.0000000	0.0000000
  102      1	0.0000000	0.0000000
  103      2	0.00016929387	0.019788969
  104      2	0.00018876644	0.15675903
  105      1	0.0000000	0.0000000
  106      2	0.00011506373	0.027549132
  107      2	8.8055939e-05	0.039164603
  108      2	0.0040281129	0.072130236
  109      2	1.5021990e-05	0.0029500884
  110      1	0.0000000	0.0000000
  111      1	0.0000000	0.0000000
  112      2	0.00081025961	0.024001951
  113      1	0.0000000	0.0000000
  114      1	0.0000000	0.0000000
  115      1	0.0000000	0.0000000
  116      1	0.0000000	0.0000000
  117      1	0.0000000	0.0000000
  118      1	0.0000000	0.0000000
  119      2	6.1220079e-05	0.014657617
  120      2	4.4025825e-05	0.036560766
  121      1	0.0000000	0.0000000
  122      1	0.0000000	0.0000000
  123      1	0.0000000	0.0000000
  124      1	0.0000000	0.0000000
  125      2	0.0014162371	0.050982502
  126      2	0.00011025656	0.034112684
  127      1	0.0000000	0.0000000
  128      1	0.0000000	0.0000000
  129      2	2.4062117e-05	0.0035091508
  130      2	0.00011506373	0.027549132
  131      1	0.0000000	0.0000000
  132      1	0.0000000	0.0000000
  133      2	0.00040530644	0.014590449
  134      2	0.00024261009	0.20147290
  135      2	5.6412911e-05	0.017453799
  136      1	0.0000000	0.0000000
  137      1	0.0000000	0.0000000
  138      1	0.0000000	0.0000000
  139      1	0.0000000	0.0000000
  140      2	0.00026421930	0.044153019
  141      2	3.3797978e-06	0.00015197534
  142      2	6.1220079e-05	0.014657617
  143      2	0.00018876644	0.15675903
  144      1	0.0000000	0.0000000
  145      1	0.0000000	0.0000000
  146      1	0.0000000	0.0000000
  147      1	0.0000000	0.0000000
  148      1	0.0000000	0.0000000
  149      1	0.0000000	0.0000000
  150      2	0.00056641383	0.17524487
  151      2	0.00018876644	0.15675903
  152      1	0.0000000	0.0000000
  153      2	0.0011232546	0.029856037
  154      1	0.0000000	0.0000000
  155      2	0.00052859314	0.048018942
  156      2	0.00013209034	0.040867918
  157      1	0.0000000	0.0000000
  158      2	0.00079274755	0.014655663
  159      2	0.00018876644	0.15675903
  160      2	0.0032699980	0.063943698
  161      2	0.00035080296	0.083990993
  162      2	0.00024261009	0.20147290
  163      2	0.00018876644	0.15675903
  164      2	0.00024261009	0.20147290
  165      2	4.4025825e-05	0.036560766
  166      1	0.0000000	0.0000000
  167      1	0.0000000	0.0000000
  168      2	4.4025825e-05	0.036560766
  169      1	0.0000000	0.0000000
  170      2	0.00048528653	0.21584068
  171      2	0.00012159357	0.017732861
  172      2	0.00030890289	0.095572604
  173      2	0.0027946316	0.19755901
  174      2	8.8055939e-05	0.039164603
  175      2	7.2783032e-05	0.032371678
  176      2	0.00085814658	0.022065210
  177      1	0.0000000	0.0000000
  178      1	0.0000000	0.0000000
  179      2	4.4025825e-05	0.036560766
  180      2	0.0047527990	0.17109394
  181      1	0.0000000	0.0000000
  182      2	0.00024261009	0.20147290
  183      2	0.00027391406	0.029189900
  184      2	5.1778890e-05	0.0086526395
  185      2	0.00095228198	0.021401426
  186      2	0.00018876644	0.15675903
  187      2	0.00013548536	0.015837050
  188      1	0.0000000	0.0000000
  189      1	0.0000000	0.0000000
  190      2	4.4025825e-05	0.036560766
  191      1	0.0000000	0.0000000
  192      1	0.0000000	0.0000000
  193      1	0.0000000	0.0000000
  194      2	4.4025825e-05	0.036560766
  195      2	0.00074089467	0.078954113
  196      1	0.0000000	0.0000000
  197      1	0.0000000	0.0000000
  198      1	0.0000000	0.0000000
  199      1	0.0000000	0.0000000
  200      1	0.0000000	0.0000000
  201      2	0.00017560955	0.022767408
  202      1	0.0000000	0.0000000
  203      2	0.00072605630	0.14258632
  204      1	0.0000000	0.0000000
  205      1	0.0000000	0.0000000
  206      1	0.0000000	0.0000000
  207      2	0.0017809866	0.010215880
  208      1	0.0000000	0.0000000
  209      2	4.4025825e-05	0.036560766
  210      2	0.00093389819	0.056872074
  211      2	0.00018876644	0.15675903
  212      1	0.0000000	0.0000000
  213      1	0.0000000	0.0000000
  214      1	0.0000000	0.0000000
  215      1	0.0000000	0.0000000
  216      2	0.00011025656	0.034112684
  217      1	0.0000000	0.0000000
  218      1	0.0000000	0.0000000
  219      1	0.0000000	0.0000000
  220      2	4.4025825e-05	0.036560766
  221      2	1.7946938e-05	0.0012687108
  222      1	0.0000000	0.0000000
  223      1	0.0000000	0.0000000
  224      1	0.0000000	0.0000000
  225      1	0.0000000	0.0000000
  226      1	0.0000000	0.0000000
  227      1	0.0000000	0.0000000
  228      2	0.00035232673	0.045678417
  229      1	0.0000000	0.0000000
  230      1	0.0000000	0.0000000
  231      2	0.0019046787	0.050626240
  232      1	0.0000000	0.0000000
  233      1	0.0000000	0.0000000
  234      1	0.0000000	0.0000000
  235      1	0.0000000	0.0000000
  236      2	8.8055939e-05	0.039164603
  237      1	0.0000000	0.0000000
  238      2	0.0049113907	0.028654322
  239      2	0.00066326472	0.13025501
  240      2	0.00029803828	0.058530145
  241      1	0.0000000	0.0000000
  242      2	0.00012662668	0.056319696
  243      1	0.0000000	0.0000000
  244      1	0.0000000	0.0000000
  245      1	0.0000000	0.0000000
  246      1	0.0000000	0.0000000
  247      1	0.0000000	0.0000000
  248      2	0.0019578198	0.037416863
  249      1	0.0000000	0.0000000
  250      2	7.2783032e-05	0.032371678
  251      2	0.00016550847	0.0072132273
  252      1	0.0000000	0.0000000
  253      1	0.0000000	0.0000000
  254      2	7.2783032e-05	0.032371678
  255      2	0.00026421930	0.044153019
  256      1	0.0000000	0.0000000
  257      2	0.00046532807	0.060328803
  258      1	0.0000000	0.0000000
  259      2	7.3314268e-05	0.0042706998
  260      1	0.0000000	0.0000000
  261      2	0.00013387887	0.010630814
  262      2	0.00024261009	0.20147290
  263      2	0.0035445153	0.046983481
  264      2	0.00014426645	0.0067010850
  265      2	0.00018876644	0.15675903
  266      1	0.0000000	0.0000000
  267      2	4.4025825e-05	0.036560766
  268      1	0.0000000	0.0000000
  269      1	0.0000000	0.0000000
  270      1	0.0000000	0.0000000
  271      1	0.0000000	0.0000000
  272      1	0.0000000	0.0000000
  273      1	0.0000000	0.0000000
  274      1	0.0000000	0.0000000
  275      1	0.0000000	0.0000000
  276      2	0.0025518518	0.19081413
  277      1	0.0000000	0.0000000
  278      1	0.0000000	0.0000000
  279      1	0.0000000	0.0000000
  280      2	0.00048528653	0.21584068
  281      1	0.0000000	0.0000000
  282      2	0.00021836194	0.014644459
  283      2	0.00067618292	0.11299522
  284      1	0.0000000	0.0000000
  285      1	0.0000000	0.0000000
  286      2	0.00013209034	0.040867918
  287      2	7.6581880e-06	0.00033376087
  288      2	0.00026421930	0.044153019
  289      2	0.00012662668	0.056319696
  290      2	0.00061803871	0.10327889
  291      2	4.4025825e-05	0.036560766
  292      1	0.0000000	0.0000000
  293      1	0.0000000	0.0000000
  294      1	0.0000000	0.0000000
  295      1	0.0000000	0.0000000
  296      1	0.0000000	0.0000000
  297      2	0.00012159357	0.017732861
  298      1	0.0000000	0.0000000
  299      2	4.4440202e-05	0.0035288281
  300      1	0.0000000	0.0000000
  301      2	0.00072355184	0.013986431
  302      1	0.0000000	0.0000000
  303      2	0.0027255969	0.016686081
  304      2	0.00072154555	0.016677407
  305      2	4.4025825e-05	0.036560766
  306      1	0.0000000	0.0000000
  307      2	0.00013209034	0.040867918
  308      2	4.4025825e-05	0.036560766
  309      1	0.0000000	0.0000000
  310      1	0.0000000	0.0000000
  311      1	0.0000000	0.0000000
  312      1	0.0000000	0.0000000
  313      2	0.00018876644	0.15675903
  314      2	8.8055939e-05	0.039164603
  315      1	0.0000000	0.0000000
  316      1	0.0000000	0.0000000
  317      1	0.0000000	0.0000000
  318      1	0.0000000	0.0000000
  319      2	0.0014700126	0.0070856526
  320      1	0.0000000	0.0000000
  321      2	3.9100879e-05	0.0027641321
  322      2	8.8055939e-05	0.039164603
  323      1	0.0000000	0.0000000
  324      1	0.0000000	0.0000000
  325      1	0.0000000	0.0000000
  326      1	0.0000000	0.0000000
  327      2	0.00037757105	0.16793211
  328      1	0.0000000	0.0000000
  329      1	0.0000000	0.0000000
  330      1	0.0000000	0.0000000
  331      1	0.0000000	0.0000000
  332      1	0.0000000	0.0000000
  333      2	0.00025330553	0.060647673
  334      2	4.4025825e-05	0.036560766
  335      2	0.00024261009	0.20147290
  336      2	0.00013209034	0.040867918
  337      2	4.4025825e-05	0.036560766
  338      2	0.00024261009	0.20147290
  339      1	0.0000000	0.0000000
  340      2	0.00069174616	0.042125618
  341      2	0.00014439624	0.015387716
  342      2	0.00025330553	0.060647673
  343      1	0.0000000	0.0000000
  344      2	0.00080652556	0.034106863
  345      2	0.00018876644	0.15675903
  346      1	0.0000000	0.0000000
  347      2	0.00013209034	0.040867918
  348      1	0.0000000	0.0000000
  349      2	0.031492006	0.23230919
  350      2	6.1220079e-05	0.014657617
  351      1	0.0000000	0.0000000
  352      2	0.00013209034	0.040867918
  353      2	0.0018504947	0.036185795
  354      2	0.00018876644	0.15675903
  355      2	4.4025825e-05	0.036560766
  356      2	0.00090210766	0.046571213
  357      1	0.0000000	0.0000000
  358      1	0.0000000	0.0000000
  359      1	0.0000000	0.0000000
  360      2	8.8055939e-05	0.039164603
  361      2	0.00048528653	0.21584068
  362      1	0.0000000	0.0000000
  363      2	0.00010636036	0.010426263
  364      1	0.0000000	0.0000000
  365      1	0.0000000	0.0000000
  366      1	0.0000000	0.0000000
  367      1	0.0000000	0.0000000
  368      1	0.0000000	0.0000000
  369      2	0.00035231982	0.051381322
  370      1	0.0000000	0.0000000
  371      2	0.0015876376	0.055793986
  372      1	0.0000000	0.0000000
  373      1	0.0000000	0.0000000
  374      2	4.4025825e-05	0.036560766
  375      1	0.0000000	0.0000000
  376      1	0.0000000	0.0000000
  377      2	0.0038098741	0.16111436
  378      1	0.0000000	0.0000000
  379      1	0.0000000	0.0000000
  380      1	0.0000000	0.0000000
  381      1	0.0000000	0.0000000
  382      1	0.0000000	0.0000000
  383      2	0.00019070428	0.027811771
  384      1	0.0000000	0.0000000
  385      1	0.0000000	0.0000000
  386      1	0.0000000	0.0000000
  387      2	0.00024261009	0.20147290
  388      2	0.00072802937	0.22524769
  389      2	0.00022643227	0.0088005787
  390      2	7.2783032e-05	0.032371678
  391      1	0.0000000	0.0000000
  392      1	0.0000000	0.0000000
  393      1	0.0000000	0.0000000
  394      2	4.4025825e-05	0.036560766
  395      1	0.0000000	0.0000000
  396      2	1.5535855e-05	0.0013160189
  397      2	0.00018876644	0.15675903
  398      1	0.0000000	0.0000000
  399      2	4.4025825e-05	0.036560766
  400      2	4.4025825e-05	0.036560766
  401      2	9.4983653e-05	0.029387343
  402      1	0.0000000	0.0000000
  403      2	0.00052859314	0.048018942
  404      1	0.0000000	0.0000000
  405      2	0.00094421404	0.18542915
  406      2	0.00017612904	0.042169692
  407      1	0.0000000	0.0000000
  408      2	0.00075542690	0.0065960143
  409      1	0.0000000	0.0000000
  410      1	0.0000000	0.0000000
  411      2	8.8055939e-05	0.039164603
  412      1	0.0000000	0.0000000
  413      2	0.00018876644	0.15675903
  414      2	0.00040249488	0.067259902
  415      1	0.0000000	0.0000000
  416      1	0.0000000	0.0000000
  417      2	0.00011430319	0.016669653
  418      2	0.00024301960	0.0026055929
  419      2	0.00056641383	0.17524487
  420      1	0.0000000	0.0000000
  421      2	0.00045459746	0.030487610
  422      1	0.0000000	0.0000000
  423      1	0.0000000	0.0000000
  424      2	0.00015072517	0.025187302
  425      2	0.00010565072	0.017655026
  426      2	0.00018876644	0.15675903
  427      1	0.0000000	0.0000000
  428      1	0.0000000	0.0000000
  429      1	0.0000000	0.0000000
  430      1	0.0000000	0.0000000
  431      1	0.0000000	0.0000000
  432      1	0.0000000	0.0000000
  433      1	0.0000000	0.0000000
  434      2	0.0033782896	0.11597842
  435      1	0.0000000	0.0000000
  436      1	0.0000000	0.0000000
  437      1	0.0000000	0.0000000
  438      1	0.0000000	0.0000000
  439      2	0.00018876644	0.15675903
  440      2	0.00035198946	0.0056109494
  441      2	0.00026342986	0.0090436829
  442      1	0.0000000	0.0000000
  443      1	0.0000000	0.0000000
  444      1	0.0000000	0.0000000
  445      2	0.00056578635	0.0041458455
  446      2	0.00027592074	0.025065444
  447      1	0.0000000	0.0000000
  448      2	0.00016945801	0.018058446
  449      1	0.0000000	0.0000000
  450      1	0.0000000	0.0000000
  451      2	0.00013209034	0.040867918
  452      1	0.0000000	0.0000000
  453      1	0.0000000	0.0000000
  454      2	0.0016488575	0.092079998
  455      2	0.0022642768	0.15185388
  456      1	0.0000000	0.0000000
  457      1	0.0000000	0.0000000
  458      1	0.0000000	0.0000000
  459      2	0.0016018941	0.097551363
  460      2	0.00058293661	0.041209144
  461      1	0.0000000	0.0000000
  462      1	0.0000000	0.0000000
  463      1	0.0000000	0.0000000
  464      1	0.0000000	0.0000000
  465      2	0.00018876644	0.15675903
  466      2	0.00070331432	0.015383103
  467      1	0.0000000	0.0000000
  468      2	5.6412911e-05	0.017453799
  469      1	0.0000000	0.0000000
  470      2	0.00013209034	0.040867918
  471      1	0.0000000	0.0000000
  472      2	0.00013548536	0.015837050
  473      1	0.0000000	0.0000000
  474      1	0.0000000	0.0000000
  475      1	0.0000000	0.0000000
  476      2	0.00013209034	0.040867918
  477      2	8.8055939e-05	0.039164603
  478      2	5.8523405e-05	0.0032682236
  479      1	0.0000000	0.0000000
  480      2	7.2783032e-05	0.032371678
  481      1	0.0000000	0.0000000
  482      2	1.5021990e-05	0.0029500884
  483      2	0.00020118740	0.062246113
  484      1	0.0000000	0.0000000
  485      1	0.0000000	0.0000000
  486      1	0.0000000	0.0000000
  487      2	0.00015227135	0.0013076823
  488      2	8.8055939e-05	0.039164603
  489      2	4.4025825e-05	0.036560766
  490      1	0.0000000	0.0000000
  491      1	0.0000000	0.0000000
  492      1	0.0000000	0.0000000
  493      2	0.00033316645	0.038944238
  494      2	0.00011025656	0.034112684
  495      1	0.0000000	0.0000000
  496      1	0.0000000	0.0000000
  497      1	0.0000000	0.0000000
  498      1	0.0000000	0.0000000
  499      2	0.00017560955	0.022767408
  500      2	4.4025825e-05	0.036560766
  501      2	0.00024261009	0.20147290
  502      1	0.0000000	0.0000000
  503      2	8.8055939e-05	0.039164603
  504      2	0.0014049698	0.099320585
  505      2	7.2783032e-05	0.032371678
  506      1	0.0000000	0.0000000
  507      2	4.4025825e-05	0.036560766
  508      1	0.0000000	0.0000000
  509      1	0.0000000	0.0000000
  510      1	0.0000000	0.0000000
  511      1	0.0000000	0.0000000
  512      1	0.0000000	0.0000000
  513      2	0.00018876644	0.15675903
  514      1	0.0000000	0.0000000
  515      1	0.0000000	0.0000000
  516      1	0.0000000	0.0000000
  517      2	0.0025137314	0.062606174
  518      2	8.8055939e-05	0.039164603
  519      2	0.0023628450	0.15079576
  520      2	7.2783032e-05	0.032371678
  521      2	5.1947622e-05	0.0041249639
  522      2	0.00027136730	0.12069592
  523      2	8.8055939e-05	0.039164603
  524      2	5.3073342e-06	0.00033871179
  525      1	0.0000000	0.0000000
  526      1	0.0000000	0.0000000
  527      2	0.00010565072	0.017655026
  528      2	0.00087732722	0.086002383
  529      1	0.0000000	0.0000000
  530      1	0.0000000	0.0000000
  531      2	0.00024261009	0.20147290
  532      2	0.00011506373	0.027549132
  533      2	0.00012122574	0.023806875
  534      1	0.0000000	0.0000000
  535      2	0.00024261009	0.20147290
  536      2	4.4025825e-05	0.036560766
  537      1	0.0000000	0.0000000

Preparation took 2 seconds, 460 milliseconds and 288 microseconds
Feature Permutation based on GainRatio/Values :
< 349, 388, 170, 280, 361, 13, 49, 53, 134, 162, 164, 182, 262, 335, 338, 387, 501, 531, 535, 173, 276, 405, 150, 419, 180, 35, 327, 377, 5, 56, 63, 94, 104, 143, 151, 159, 163, 186, 211, 265, 313, 345, 354, 397, 413, 426, 439, 465, 513, 455, 519, 45, 203, 239, 522, 434, 283, 50, 290, 504, 459, 172, 454, 528, 161, 195, 3, 108, 414, 29, 160, 44, 517, 483, 333, 342, 257, 33, 240, 210, 242, 289, 371, 369, 125, 72, 231, 155, 403, 263, 356, 26, 228, 140, 255, 288, 97, 406, 340, 460, 37, 48, 65, 99, 156, 286, 307, 336, 347, 352, 451, 470, 476, 23, 20, 57, 59, 93, 107, 174, 236, 314, 322, 360, 411, 477, 488, 503, 518, 523, 493, 248, 9, 12, 51, 55, 58, 77, 83, 120, 165, 168, 179, 190, 194, 209, 220, 267, 291, 305, 308, 334, 337, 355, 374, 394, 399, 400, 489, 500, 507, 536, 39, 353, 62, 126, 216, 494, 344, 16, 54, 175, 250, 254, 390, 480, 505, 520, 18, 421, 87, 153, 401, 183, 238, 383, 91, 106, 130, 532, 67, 100, 424, 446, 112, 533, 201, 499, 19, 176, 185, 31, 103, 46, 84, 448, 171, 297, 425, 527, 90, 135, 468, 303, 304, 417, 8, 187, 472, 341, 466, 119, 142, 350, 158, 282, 133, 301, 24, 47, 89, 261, 363, 207, 441, 389, 184, 66, 251, 319, 264, 408, 52, 440, 259, 445, 521, 299, 129, 478, 109, 482, 321, 418, 396, 487, 221, 21, 1, 2, 524, 287, 141, 4, 6, 7, 10, 11, 14, 15, 17, 22, 25, 27, 28, 30, 32, 34, 36, 38, 40, 41, 42, 43, 60, 61, 64, 68, 69, 70, 71, 73, 74, 75, 76, 78, 79, 80, 81, 82, 85, 86, 88, 92, 95, 96, 98, 101, 102, 105, 110, 111, 113, 114, 115, 116, 117, 118, 121, 122, 123, 124, 127, 128, 131, 132, 136, 137, 138, 139, 144, 145, 146, 147, 148, 149, 152, 154, 157, 166, 167, 169, 177, 178, 181, 188, 189, 191, 192, 193, 196, 197, 198, 199, 200, 202, 204, 205, 206, 208, 212, 213, 214, 215, 217, 218, 219, 222, 223, 224, 225, 226, 227, 229, 230, 232, 233, 234, 235, 237, 241, 243, 244, 245, 246, 247, 249, 252, 253, 256, 258, 260, 266, 268, 269, 270, 271, 272, 273, 274, 275, 277, 278, 279, 281, 284, 285, 292, 293, 294, 295, 296, 298, 300, 302, 306, 309, 310, 311, 312, 315, 316, 317, 318, 320, 323, 324, 325, 326, 328, 329, 330, 331, 332, 339, 343, 346, 348, 351, 357, 358, 359, 362, 364, 365, 366, 367, 368, 370, 372, 373, 375, 376, 378, 379, 380, 381, 382, 384, 385, 386, 391, 392, 393, 395, 398, 402, 404, 407, 409, 410, 412, 415, 416, 420, 422, 423, 427, 428, 429, 430, 431, 432, 433, 435, 436, 437, 438, 442, 443, 444, 447, 449, 450, 452, 453, 456, 457, 458, 461, 462, 463, 464, 467, 469, 471, 473, 474, 475, 479, 481, 484, 485, 486, 490, 491, 492, 495, 496, 497, 498, 502, 506, 508, 509, 510, 511, 512, 514, 515, 516, 525, 526, 529, 530, 534, 537 >
Phase 2: Building multi index on Datafile: new_train_features_fixed.csv
Start:          0 @ Thu Feb 23 15:47:55 2023
Finished:   12500 @ Thu Feb 23 15:47:57 2023

Phase 3: Learning from Datafile: new_train_features_fixed.csv
Start:          0 @ Thu Feb 23 15:47:57 2023
Finished:   12500 @ Thu Feb 23 15:47:59 2023

Size of InstanceBase = 339222 Nodes, (13568880 bytes), 34.46 % compression
Learning took 4 seconds, 779 milliseconds and 782 microseconds
Examine datafile 'new_test_features_fixed.csv' gave the following results:
Number of Features: 537
InputFormat       : C4.5


Starting to test, Testfile: new_test_features_fixed.csv
Writing output in:          new_test_features_fixed.csv.IB1.O.gr.k1.out
Algorithm     : IB1
Global metric : Overlap
Deviant Feature Metrics:(none)
Weighting     : GainRatio
Feature 1	 : 0.000535045496042
Feature 2	 : 0.000485616706151
Feature 3	 : 0.076566025967724
Feature 4	 : 0.000000000000000
Feature 5	 : 0.156759032606363
Feature 6	 : 0.000000000000000
Feature 7	 : 0.000000000000000
Feature 8	 : 0.015876876212163
Feature 9	 : 0.036560766494479
Feature 10	 : 0.000000000000000
Feature 11	 : 0.000000000000000
Feature 12	 : 0.036560766494479
Feature 13	 : 0.201472904316529
Feature 14	 : 0.000000000000000
Feature 15	 : 0.000000000000000
Feature 16	 : 0.032371678303228
Feature 17	 : 0.000000000000000
Feature 18	 : 0.031981455137642
Feature 19	 : 0.022365383601967
Feature 20	 : 0.039164602774290
Feature 21	 : 0.001079170154454
Feature 22	 : 0.000000000000000
Feature 23	 : 0.040496007642597
Feature 24	 : 0.013786913956932
Feature 25	 : 0.000000000000000
Feature 26	 : 0.045947597240856
Feature 27	 : 0.000000000000000
Feature 28	 : 0.000000000000000
Feature 29	 : 0.066404354505749
Feature 30	 : 0.000000000000000
Feature 31	 : 0.019885541641129
Feature 32	 : 0.000000000000000
Feature 33	 : 0.058670053078197
Feature 34	 : 0.000000000000000
Feature 35	 : 0.170633706099464
Feature 36	 : 0.000000000000000
Feature 37	 : 0.040867918393330
Feature 38	 : 0.000000000000000
Feature 39	 : 0.036499791001898
Feature 40	 : 0.000000000000000
Feature 41	 : 0.000000000000000
Feature 42	 : 0.000000000000000
Feature 43	 : 0.000000000000000
Feature 44	 : 0.063506954277033
Feature 45	 : 0.147225564314966
Feature 46	 : 0.019329386741132
Feature 47	 : 0.011365666124212
Feature 48	 : 0.040867918393330
Feature 49	 : 0.201472904316529
Feature 50	 : 0.104000964253572
Feature 51	 : 0.036560766494479
Feature 52	 : 0.006516247760010
Feature 53	 : 0.201472904316529
Feature 54	 : 0.032371678303228
Feature 55	 : 0.036560766494479
Feature 56	 : 0.156759032606363
Feature 57	 : 0.039164602774290
Feature 58	 : 0.036560766494479
Feature 59	 : 0.039164602774290
Feature 60	 : 0.000000000000000
Feature 61	 : 0.000000000000000
Feature 62	 : 0.034112683996646
Feature 63	 : 0.156759032606363
Feature 64	 : 0.000000000000000
Feature 65	 : 0.040867918393330
Feature 66	 : 0.008193090155873
Feature 67	 : 0.025253058115823
Feature 68	 : 0.000000000000000
Feature 69	 : 0.000000000000000
Feature 70	 : 0.000000000000000
Feature 71	 : 0.000000000000000
Feature 72	 : 0.050810427721226
Feature 73	 : 0.000000000000000
Feature 74	 : 0.000000000000000
Feature 75	 : 0.000000000000000
Feature 76	 : 0.000000000000000
Feature 77	 : 0.036560766494479
Feature 78	 : 0.000000000000000
Feature 79	 : 0.000000000000000
Feature 80	 : 0.000000000000000
Feature 81	 : 0.000000000000000
Feature 82	 : 0.000000000000000
Feature 83	 : 0.036560766494479
Feature 84	 : 0.018834025887695
Feature 85	 : 0.000000000000000
Feature 86	 : 0.000000000000000
Feature 87	 : 0.030098656888488
Feature 88	 : 0.000000000000000
Feature 89	 : 0.011132642386791
Feature 90	 : 0.017453798583882
Feature 91	 : 0.027698929620925
Feature 92	 : 0.000000000000000
Feature 93	 : 0.039164602774290
Feature 94	 : 0.156759032606363
Feature 95	 : 0.000000000000000
Feature 96	 : 0.000000000000000
Feature 97	 : 0.043238406330728
Feature 98	 : 0.000000000000000
Feature 99	 : 0.040867918393330
Feature 100	 : 0.025209991627572
Feature 101	 : 0.000000000000000
Feature 102	 : 0.000000000000000
Feature 103	 : 0.019788969488494
Feature 104	 : 0.156759032606363
Feature 105	 : 0.000000000000000
Feature 106	 : 0.027549131736620
Feature 107	 : 0.039164602774290
Feature 108	 : 0.072130236321569
Feature 109	 : 0.002950088421311
Feature 110	 : 0.000000000000000
Feature 111	 : 0.000000000000000
Feature 112	 : 0.024001950550976
Feature 113	 : 0.000000000000000
Feature 114	 : 0.000000000000000
Feature 115	 : 0.000000000000000
Feature 116	 : 0.000000000000000
Feature 117	 : 0.000000000000000
Feature 118	 : 0.000000000000000
Feature 119	 : 0.014657616606993
Feature 120	 : 0.036560766494479
Feature 121	 : 0.000000000000000
Feature 122	 : 0.000000000000000
Feature 123	 : 0.000000000000000
Feature 124	 : 0.000000000000000
Feature 125	 : 0.050982501581753
Feature 126	 : 0.034112683996646
Feature 127	 : 0.000000000000000
Feature 128	 : 0.000000000000000
Feature 129	 : 0.003509150766606
Feature 130	 : 0.027549131736620
Feature 131	 : 0.000000000000000
Feature 132	 : 0.000000000000000
Feature 133	 : 0.014590449460672
Feature 134	 : 0.201472904316529
Feature 135	 : 0.017453798583882
Feature 136	 : 0.000000000000000
Feature 137	 : 0.000000000000000
Feature 138	 : 0.000000000000000
Feature 139	 : 0.000000000000000
Feature 140	 : 0.044153019156574
Feature 141	 : 0.000151975339772
Feature 142	 : 0.014657616606993
Feature 143	 : 0.156759032606363
Feature 144	 : 0.000000000000000
Feature 145	 : 0.000000000000000
Feature 146	 : 0.000000000000000
Feature 147	 : 0.000000000000000
Feature 148	 : 0.000000000000000
Feature 149	 : 0.000000000000000
Feature 150	 : 0.175244866392970
Feature 151	 : 0.156759032606363
Feature 152	 : 0.000000000000000
Feature 153	 : 0.029856037424328
Feature 154	 : 0.000000000000000
Feature 155	 : 0.048018941620700
Feature 156	 : 0.040867918393330
Feature 157	 : 0.000000000000000
Feature 158	 : 0.014655662502758
Feature 159	 : 0.156759032606363
Feature 160	 : 0.063943698117636
Feature 161	 : 0.083990993368399
Feature 162	 : 0.201472904316529
Feature 163	 : 0.156759032606363
Feature 164	 : 0.201472904316529
Feature 165	 : 0.036560766494479
Feature 166	 : 0.000000000000000
Feature 167	 : 0.000000000000000
Feature 168	 : 0.036560766494479
Feature 169	 : 0.000000000000000
Feature 170	 : 0.215840684874317
Feature 171	 : 0.017732860601823
Feature 172	 : 0.095572603712944
Feature 173	 : 0.197559008422392
Feature 174	 : 0.039164602774290
Feature 175	 : 0.032371678303228
Feature 176	 : 0.022065209598536
Feature 177	 : 0.000000000000000
Feature 178	 : 0.000000000000000
Feature 179	 : 0.036560766494479
Feature 180	 : 0.171093935679797
Feature 181	 : 0.000000000000000
Feature 182	 : 0.201472904316529
Feature 183	 : 0.029189900457195
Feature 184	 : 0.008652639471243
Feature 185	 : 0.021401426067451
Feature 186	 : 0.156759032606363
Feature 187	 : 0.015837050282312
Feature 188	 : 0.000000000000000
Feature 189	 : 0.000000000000000
Feature 190	 : 0.036560766494479
Feature 191	 : 0.000000000000000
Feature 192	 : 0.000000000000000
Feature 193	 : 0.000000000000000
Feature 194	 : 0.036560766494479
Feature 195	 : 0.078954113231817
Feature 196	 : 0.000000000000000
Feature 197	 : 0.000000000000000
Feature 198	 : 0.000000000000000
Feature 199	 : 0.000000000000000
Feature 200	 : 0.000000000000000
Feature 201	 : 0.022767407567842
Feature 202	 : 0.000000000000000
Feature 203	 : 0.142586315744664
Feature 204	 : 0.000000000000000
Feature 205	 : 0.000000000000000
Feature 206	 : 0.000000000000000
Feature 207	 : 0.010215879627998
Feature 208	 : 0.000000000000000
Feature 209	 : 0.036560766494479
Feature 210	 : 0.056872074006443
Feature 211	 : 0.156759032606363
Feature 212	 : 0.000000000000000
Feature 213	 : 0.000000000000000
Feature 214	 : 0.000000000000000
Feature 215	 : 0.000000000000000
Feature 216	 : 0.034112683996646
Feature 217	 : 0.000000000000000
Feature 218	 : 0.000000000000000
Feature 219	 : 0.000000000000000
Feature 220	 : 0.036560766494479
Feature 221	 : 0.001268710815005
Feature 222	 : 0.000000000000000
Feature 223	 : 0.000000000000000
Feature 224	 : 0.000000000000000
Feature 225	 : 0.000000000000000
Feature 226	 : 0.000000000000000
Feature 227	 : 0.000000000000000
Feature 228	 : 0.045678417085337
Feature 229	 : 0.000000000000000
Feature 230	 : 0.000000000000000
Feature 231	 : 0.050626240285281
Feature 232	 : 0.000000000000000
Feature 233	 : 0.000000000000000
Feature 234	 : 0.000000000000000
Feature 235	 : 0.000000000000000
Feature 236	 : 0.039164602774290
Feature 237	 : 0.000000000000000
Feature 238	 : 0.028654322206742
Feature 239	 : 0.130255012469904
Feature 240	 : 0.058530145477187
Feature 241	 : 0.000000000000000
Feature 242	 : 0.056319695566020
Feature 243	 : 0.000000000000000
Feature 244	 : 0.000000000000000
Feature 245	 : 0.000000000000000
Feature 246	 : 0.000000000000000
Feature 247	 : 0.000000000000000
Feature 248	 : 0.037416862752993
Feature 249	 : 0.000000000000000
Feature 250	 : 0.032371678303228
Feature 251	 : 0.007213227251988
Feature 252	 : 0.000000000000000
Feature 253	 : 0.000000000000000
Feature 254	 : 0.032371678303228
Feature 255	 : 0.044153019156574
Feature 256	 : 0.000000000000000
Feature 257	 : 0.060328802815340
Feature 258	 : 0.000000000000000
Feature 259	 : 0.004270699843355
Feature 260	 : 0.000000000000000
Feature 261	 : 0.010630814291473
Feature 262	 : 0.201472904316529
Feature 263	 : 0.046983480624639
Feature 264	 : 0.006701084959218
Feature 265	 : 0.156759032606363
Feature 266	 : 0.000000000000000
Feature 267	 : 0.036560766494479
Feature 268	 : 0.000000000000000
Feature 269	 : 0.000000000000000
Feature 270	 : 0.000000000000000
Feature 271	 : 0.000000000000000
Feature 272	 : 0.000000000000000
Feature 273	 : 0.000000000000000
Feature 274	 : 0.000000000000000
Feature 275	 : 0.000000000000000
Feature 276	 : 0.190814134784924
Feature 277	 : 0.000000000000000
Feature 278	 : 0.000000000000000
Feature 279	 : 0.000000000000000
Feature 280	 : 0.215840684874317
Feature 281	 : 0.000000000000000
Feature 282	 : 0.014644458718948
Feature 283	 : 0.112995219574386
Feature 284	 : 0.000000000000000
Feature 285	 : 0.000000000000000
Feature 286	 : 0.040867918393330
Feature 287	 : 0.000333760870266
Feature 288	 : 0.044153019156574
Feature 289	 : 0.056319695566020
Feature 290	 : 0.103278886547590
Feature 291	 : 0.036560766494479
Feature 292	 : 0.000000000000000
Feature 293	 : 0.000000000000000
Feature 294	 : 0.000000000000000
Feature 295	 : 0.000000000000000
Feature 296	 : 0.000000000000000
Feature 297	 : 0.017732860601823
Feature 298	 : 0.000000000000000
Feature 299	 : 0.003528828131623
Feature 300	 : 0.000000000000000
Feature 301	 : 0.013986431104827
Feature 302	 : 0.000000000000000
Feature 303	 : 0.016686080688799
Feature 304	 : 0.016677406847838
Feature 305	 : 0.036560766494479
Feature 306	 : 0.000000000000000
Feature 307	 : 0.040867918393330
Feature 308	 : 0.036560766494479
Feature 309	 : 0.000000000000000
Feature 310	 : 0.000000000000000
Feature 311	 : 0.000000000000000
Feature 312	 : 0.000000000000000
Feature 313	 : 0.156759032606363
Feature 314	 : 0.039164602774290
Feature 315	 : 0.000000000000000
Feature 316	 : 0.000000000000000
Feature 317	 : 0.000000000000000
Feature 318	 : 0.000000000000000
Feature 319	 : 0.007085652638132
Feature 320	 : 0.000000000000000
Feature 321	 : 0.002764132077450
Feature 322	 : 0.039164602774290
Feature 323	 : 0.000000000000000
Feature 324	 : 0.000000000000000
Feature 325	 : 0.000000000000000
Feature 326	 : 0.000000000000000
Feature 327	 : 0.167932114679897
Feature 328	 : 0.000000000000000
Feature 329	 : 0.000000000000000
Feature 330	 : 0.000000000000000
Feature 331	 : 0.000000000000000
Feature 332	 : 0.000000000000000
Feature 333	 : 0.060647673314718
Feature 334	 : 0.036560766494479
Feature 335	 : 0.201472904316529
Feature 336	 : 0.040867918393330
Feature 337	 : 0.036560766494479
Feature 338	 : 0.201472904316529
Feature 339	 : 0.000000000000000
Feature 340	 : 0.042125618359878
Feature 341	 : 0.015387716205422
Feature 342	 : 0.060647673314718
Feature 343	 : 0.000000000000000
Feature 344	 : 0.034106862868033
Feature 345	 : 0.156759032606363
Feature 346	 : 0.000000000000000
Feature 347	 : 0.040867918393330
Feature 348	 : 0.000000000000000
Feature 349	 : 0.232309187344691
Feature 350	 : 0.014657616606993
Feature 351	 : 0.000000000000000
Feature 352	 : 0.040867918393330
Feature 353	 : 0.036185794923145
Feature 354	 : 0.156759032606363
Feature 355	 : 0.036560766494479
Feature 356	 : 0.046571212943476
Feature 357	 : 0.000000000000000
Feature 358	 : 0.000000000000000
Feature 359	 : 0.000000000000000
Feature 360	 : 0.039164602774290
Feature 361	 : 0.215840684874317
Feature 362	 : 0.000000000000000
Feature 363	 : 0.010426262687476
Feature 364	 : 0.000000000000000
Feature 365	 : 0.000000000000000
Feature 366	 : 0.000000000000000
Feature 367	 : 0.000000000000000
Feature 368	 : 0.000000000000000
Feature 369	 : 0.051381321841665
Feature 370	 : 0.000000000000000
Feature 371	 : 0.055793986405899
Feature 372	 : 0.000000000000000
Feature 373	 : 0.000000000000000
Feature 374	 : 0.036560766494479
Feature 375	 : 0.000000000000000
Feature 376	 : 0.000000000000000
Feature 377	 : 0.161114363140718
Feature 378	 : 0.000000000000000
Feature 379	 : 0.000000000000000
Feature 380	 : 0.000000000000000
Feature 381	 : 0.000000000000000
Feature 382	 : 0.000000000000000
Feature 383	 : 0.027811771385409
Feature 384	 : 0.000000000000000
Feature 385	 : 0.000000000000000
Feature 386	 : 0.000000000000000
Feature 387	 : 0.201472904316529
Feature 388	 : 0.225247692376580
Feature 389	 : 0.008800578657637
Feature 390	 : 0.032371678303228
Feature 391	 : 0.000000000000000
Feature 392	 : 0.000000000000000
Feature 393	 : 0.000000000000000
Feature 394	 : 0.036560766494479
Feature 395	 : 0.000000000000000
Feature 396	 : 0.001316018901646
Feature 397	 : 0.156759032606363
Feature 398	 : 0.000000000000000
Feature 399	 : 0.036560766494479
Feature 400	 : 0.036560766494479
Feature 401	 : 0.029387342890360
Feature 402	 : 0.000000000000000
Feature 403	 : 0.048018941620700
Feature 404	 : 0.000000000000000
Feature 405	 : 0.185429148035638
Feature 406	 : 0.042169692242615
Feature 407	 : 0.000000000000000
Feature 408	 : 0.006596014300269
Feature 409	 : 0.000000000000000
Feature 410	 : 0.000000000000000
Feature 411	 : 0.039164602774290
Feature 412	 : 0.000000000000000
Feature 413	 : 0.156759032606363
Feature 414	 : 0.067259902385297
Feature 415	 : 0.000000000000000
Feature 416	 : 0.000000000000000
Feature 417	 : 0.016669652673492
Feature 418	 : 0.002605592904412
Feature 419	 : 0.175244866392970
Feature 420	 : 0.000000000000000
Feature 421	 : 0.030487609713598
Feature 422	 : 0.000000000000000
Feature 423	 : 0.000000000000000
Feature 424	 : 0.025187302460862
Feature 425	 : 0.017655025555392
Feature 426	 : 0.156759032606363
Feature 427	 : 0.000000000000000
Feature 428	 : 0.000000000000000
Feature 429	 : 0.000000000000000
Feature 430	 : 0.000000000000000
Feature 431	 : 0.000000000000000
Feature 432	 : 0.000000000000000
Feature 433	 : 0.000000000000000
Feature 434	 : 0.115978420922213
Feature 435	 : 0.000000000000000
Feature 436	 : 0.000000000000000
Feature 437	 : 0.000000000000000
Feature 438	 : 0.000000000000000
Feature 439	 : 0.156759032606363
Feature 440	 : 0.005610949440333
Feature 441	 : 0.009043682862615
Feature 442	 : 0.000000000000000
Feature 443	 : 0.000000000000000
Feature 444	 : 0.000000000000000
Feature 445	 : 0.004145845509882
Feature 446	 : 0.025065444481074
Feature 447	 : 0.000000000000000
Feature 448	 : 0.018058446215464
Feature 449	 : 0.000000000000000
Feature 450	 : 0.000000000000000
Feature 451	 : 0.040867918393330
Feature 452	 : 0.000000000000000
Feature 453	 : 0.000000000000000
Feature 454	 : 0.092079997862205
Feature 455	 : 0.151853881895447
Feature 456	 : 0.000000000000000
Feature 457	 : 0.000000000000000
Feature 458	 : 0.000000000000000
Feature 459	 : 0.097551362531923
Feature 460	 : 0.041209144456890
Feature 461	 : 0.000000000000000
Feature 462	 : 0.000000000000000
Feature 463	 : 0.000000000000000
Feature 464	 : 0.000000000000000
Feature 465	 : 0.156759032606363
Feature 466	 : 0.015383102853891
Feature 467	 : 0.000000000000000
Feature 468	 : 0.017453798583882
Feature 469	 : 0.000000000000000
Feature 470	 : 0.040867918393330
Feature 471	 : 0.000000000000000
Feature 472	 : 0.015837050282312
Feature 473	 : 0.000000000000000
Feature 474	 : 0.000000000000000
Feature 475	 : 0.000000000000000
Feature 476	 : 0.040867918393330
Feature 477	 : 0.039164602774290
Feature 478	 : 0.003268223616807
Feature 479	 : 0.000000000000000
Feature 480	 : 0.032371678303228
Feature 481	 : 0.000000000000000
Feature 482	 : 0.002950088421311
Feature 483	 : 0.062246112738822
Feature 484	 : 0.000000000000000
Feature 485	 : 0.000000000000000
Feature 486	 : 0.000000000000000
Feature 487	 : 0.001307682324316
Feature 488	 : 0.039164602774290
Feature 489	 : 0.036560766494479
Feature 490	 : 0.000000000000000
Feature 491	 : 0.000000000000000
Feature 492	 : 0.000000000000000
Feature 493	 : 0.038944237590836
Feature 494	 : 0.034112683996646
Feature 495	 : 0.000000000000000
Feature 496	 : 0.000000000000000
Feature 497	 : 0.000000000000000
Feature 498	 : 0.000000000000000
Feature 499	 : 0.022767407567842
Feature 500	 : 0.036560766494479
Feature 501	 : 0.201472904316529
Feature 502	 : 0.000000000000000
Feature 503	 : 0.039164602774290
Feature 504	 : 0.099320585121645
Feature 505	 : 0.032371678303228
Feature 506	 : 0.000000000000000
Feature 507	 : 0.036560766494479
Feature 508	 : 0.000000000000000
Feature 509	 : 0.000000000000000
Feature 510	 : 0.000000000000000
Feature 511	 : 0.000000000000000
Feature 512	 : 0.000000000000000
Feature 513	 : 0.156759032606363
Feature 514	 : 0.000000000000000
Feature 515	 : 0.000000000000000
Feature 516	 : 0.000000000000000
Feature 517	 : 0.062606174082668
Feature 518	 : 0.039164602774290
Feature 519	 : 0.150795755274321
Feature 520	 : 0.032371678303228
Feature 521	 : 0.004124963937139
Feature 522	 : 0.120695918015810
Feature 523	 : 0.039164602774290
Feature 524	 : 0.000338711793063
Feature 525	 : 0.000000000000000
Feature 526	 : 0.000000000000000
Feature 527	 : 0.017655025555392
Feature 528	 : 0.086002383296115
Feature 529	 : 0.000000000000000
Feature 530	 : 0.000000000000000
Feature 531	 : 0.201472904316529
Feature 532	 : 0.027549131736620
Feature 533	 : 0.023806875073408
Feature 534	 : 0.000000000000000
Feature 535	 : 0.201472904316529
Feature 536	 : 0.036560766494479
Feature 537	 : 0.000000000000000

Tested:      1 @ Thu Feb 23 15:47:59 2023
Tested:      2 @ Thu Feb 23 15:47:59 2023
Tested:      3 @ Thu Feb 23 15:47:59 2023
Tested:      4 @ Thu Feb 23 15:47:59 2023
Tested:      5 @ Thu Feb 23 15:47:59 2023
Tested:      6 @ Thu Feb 23 15:47:59 2023
Tested:      7 @ Thu Feb 23 15:47:59 2023
Tested:      8 @ Thu Feb 23 15:47:59 2023
Tested:      9 @ Thu Feb 23 15:47:59 2023
Tested:     10 @ Thu Feb 23 15:47:59 2023
Tested:    100 @ Thu Feb 23 15:48:00 2023
Tested:   1000 @ Thu Feb 23 15:48:00 2023
Ready:    1572 @ Thu Feb 23 15:48:00 2023
Seconds taken: 0.6118 (2569.48 p/s)

overall accuracy:        0.694020  (1091/1572), of which 1506 exact matches 
There were 18 ties of which 8 (44.44%) were correctly resolved
